<?xml version="1.0" encoding="UTF-8"?>
<testsuite xmlns:xsi="http://www.w3.org/2001/XMLSchema-instance" xsi:noNamespaceSchemaLocation="https://maven.apache.org/surefire/maven-surefire-plugin/xsd/surefire-test-report.xsd" version="3.0.2" name="com.moffatbay.moffatbay_backend.MoffatbayBackendApplicationTests" time="1.031" tests="1" errors="0" skipped="0" failures="0">
  <properties>
[...]
</properties>
  <testcase name="contextLoads" classname="com.moffatbay.moffatbay_backend.MoffatbayBackendApplicationTests" time="0.284">
    <system-out><![CDATA[13:46:44.852 [main] INFO org.springframework.test.context.support.AnnotationConfigContextLoaderUtils -- Could not detect default configuration classes for test class [com.moffatbay.moffatbay_backend.MoffatbayBackendApplicationTests]: MoffatbayBackendApplicationTests does not declare any static, non-private, non-final, nested classes annotated with @Configuration.
13:46:44.894 [main] INFO org.springframework.boot.test.context.SpringBootTestContextBootstrapper -- Found @SpringBootConfiguration com.moffatbay.moffatbay_backend.MoffatbayBackendApplication for test class com.moffatbay.moffatbay_backend.MoffatbayBackendApplicationTests

  .   ____          _            __ _ _
 /\\ / ___'_ __ _ _(_)_ __  __ _ \ \ \ \
( ( )\___ | '_ | '_| | '_ \/ _` | \ \ \ \
 \\/  ___)| |_)| | | | | || (_| |  ) ) ) )
  '  |____| .__|_| |_|_| |_\__, | / / / /
 =========|_|==============|___/=/_/_/_/

 :: Spring Boot ::                (v3.5.5)

2025-09-02T13:46:45.020-04:00  INFO 32469 --- [moffatbay-backend] [           main] c.m.m.MoffatbayBackendApplicationTests   : Starting MoffatbayBackendApplicationTests using Java 24.0.2 with PID 32469 (started by carmenmendoza in /Users/carmenmendoza/Desktop/moffatbay-backend)
2025-09-02T13:46:45.020-04:00  INFO 32469 --- [moffatbay-backend] [           main] c.m.m.MoffatbayBackendApplicationTests   : No active profile set, falling back to 1 default profile: "default"
2025-09-02T13:46:45.264-04:00  INFO 32469 --- [moffatbay-backend] [           main] com.zaxxer.hikari.HikariDataSource       : HikariPool-1 - Starting...
2025-09-02T13:46:45.354-04:00  INFO 32469 --- [moffatbay-backend] [           main] com.zaxxer.hikari.pool.HikariPool        : HikariPool-1 - Added connection com.mysql.cj.jdbc.ConnectionImpl@44fdce3c
2025-09-02T13:46:45.355-04:00  INFO 32469 --- [moffatbay-backend] [           main] com.zaxxer.hikari.HikariDataSource       : HikariPool-1 - Start completed.
2025-09-02T13:46:45.547-04:00  INFO 32469 --- [moffatbay-backend] [           main] c.m.m.MoffatbayBackendApplicationTests   : Started MoffatbayBackendApplicationTests in 0.605 seconds (process running for 0.907)
]]></system-out>
    <system-err><![CDATA[Mockito is currently self-attaching to enable the inline-mock-maker. This will no longer work in future releases of the JDK. Please add Mockito as an agent to your build as described in Mockito's documentation: https://javadoc.io/doc/org.mockito/mockito-core/latest/org.mockito/org/mockito/Mockito.html#0.3
WARNING: A Java agent has been loaded dynamically (/Users/carmenmendoza/.m2/repository/net/bytebuddy/byte-buddy-agent/1.17.7/byte-buddy-agent-1.17.7.jar)
WARNING: If a serviceability tool is in use, please run with -XX:+EnableDynamicAgentLoading to hide this warning
WARNING: If a serviceability tool is not in use, please run with -Djdk.instrument.traceUsage for more information
WARNING: Dynamic loading of agents will be disallowed by default in a future release
]]></system-err>
  </testcase>
</testsuite>